

> sccny@0.2.0 build
> next build

[1G[0K   [1m[38;2;173;127;168m▲ Next.js 15.5.7[39m[22m
   - Environments: .env.local, .env

 [37m[1m [22m[39m Creating an optimized production build ...
/*! 🌼 daisyUI 5.5.8 */
 [32m[1m✓[22m[39m Compiled successfully in 18.4s
[?25l [37m[1m [22m[39m Linting and checking validity of types  [36m.[39m[2K[1G [37m[1m [22m[39m Linting and checking validity of types  [36m..[39m[2K[1G [37m[1m [22m[39m Linting and checking validity of types  [36m...[39m[2K[1G [37m[1m [22m[39m Linting and checking validity of types  [36m.[39m[2K[1G [37m[1m [22m[39m Linting and checking validity of types  [36m..[39m[2K[1G [37m[1m [22m[39m Linting and checking validity of types  [36m...[39m[2K[1G [37m[1m [22m[39m Linting and checking validity of types  [36m.[39m[2K[1G [37m[1m [22m[39m Linting and checking validity of types  [36m..[39m[2K[1G [37m[1m [22m[39m Linting and checking validity of types  [36m...[39m[2K[1G [37m[1m [22m[39m Linting and checking validity of types  [36m.[39m[2K[1G [37m[1m [22m[39m Linting and checking validity of types  [36m..[39m[2K[1G [37m[1m [22m[39m Linting and checking validity of types  [36m...[39m[2K[1G [37m[1m [22m[39m Linting and checking validity of types  [36m.[39m[2K[1G [37m[1m [22m[39m Linting and checking validity of types  [36m..[39m[2K[1G [37m[1m [22m[39m Linting and checking validity of types  [36m...[39m[2K[1G [37m[1m [22m[39m Linting and checking validity of types  [36m.[39m[2K[1G [37m[1m [22m[39m Linting and checking validity of types  [36m..[39m[2K[1G [37m[1m [22m[39m Linting and checking validity of types  [36m...[39m[2K[1G [37m[1m [22m[39m Linting and checking validity of types  [36m.[39m[2K[1G [37m[1m [22m[39m Linting and checking validity of types  [36m..[39m[2K[1G [37m[1m [22m[39m Linting and checking validity of types  [36m...[39mFailed to compile.

./src/app/handler/[...stack]/page.tsx:5:24
Type error: Type 'StackClientApp<true, string>' is not assignable to type 'StackServerApp<true>'.
  Type 'StackClientApp<true, string>' is missing the following properties from type '{ createTeam(data: ServerOrglikeCustomizableJson): Promise<ServerTeam>; createPermissionDefinition(data: ServerPermissionDefinitionCustomizableJson): Promise<...>; updatePermissionDefinition(permissionId: string, data: Partial<...>): Promise<...>; deletePermissionDefinition(permissionId: string): Promise<...>; listP...': createTeam, createPermissionDefinition, updatePermissionDefinition, deletePermissionDefinition, and 2 more.

[0m [90m 3 |[39m
 [90m 4 |[39m [36mexport[39m [36mdefault[39m [36mfunction[39m [33mHandler[39m() {
[31m[1m>[22m[39m[90m 5 |[39m   [36mreturn[39m [33m<[39m[33mStackHandler[39m app[33m=[39m{stackClientApp} fullPage [33m/[39m[33m>[39m[33m;[39m
 [90m   |[39m                        [31m[1m^[22m[39m
 [90m 6 |[39m }
 [90m 7 |[39m[0m
[2K[1G [37m[1m [22m[39m Linting and checking validity of types  [36m.[39m[2K[1G[?25h[31mNext.js build worker exited with code: 1 and signal: null[39m
[?25l [36m.[39m [?25h[1G[0K⠙[1G[0K[1mnpm[22m [31merror[39m Lifecycle script `build` failed with error:
[1G[0K⠙[1G[0K[1mnpm[22m [31merror[39m [94mcode[39m [33m1[39m
[1G[0K⠙[1G[0K[1mnpm[22m [31merror[39m [94mpath[39m /Volumes/WorkSpace/WorkSpace/Development/sccny/apps/sccny
[1G[0K⠙[1G[0K[1mnpm[22m [31merror[39m [94mworkspace[39m sccny@0.2.0
[1G[0K⠙[1G[0K[1mnpm[22m [31merror[39m [94mlocation[39m /Volumes/WorkSpace/WorkSpace/Development/sccny/apps/sccny
[1G[0K⠙[1G[0K[1mnpm[22m [31merror[39m command failed
[1G[0K⠙[1G[0K[1mnpm[22m [31merror[39m [94mcommand[39m sh -c next build
[1G[0K⠙[1G[0K
